ARM GAS  C:\Users\xxy\AppData\Local\Temp\cckWimx0.s 			page 1


   1              		.cpu cortex-m3
   2              		.eabi_attribute 20, 1
   3              		.eabi_attribute 21, 1
   4              		.eabi_attribute 23, 3
   5              		.eabi_attribute 24, 1
   6              		.eabi_attribute 25, 1
   7              		.eabi_attribute 26, 1
   8              		.eabi_attribute 30, 1
   9              		.eabi_attribute 34, 1
  10              		.eabi_attribute 18, 4
  11              		.file	"ff_gen_drv.c"
  12              		.text
  13              	.Ltext0:
  14              		.cfi_sections	.debug_frame
  15              		.section	.text.FATFS_LinkDriverEx,"ax",%progbits
  16              		.align	1
  17              		.global	FATFS_LinkDriverEx
  18              		.arch armv7-m
  19              		.syntax unified
  20              		.thumb
  21              		.thumb_func
  22              		.fpu softvfp
  24              	FATFS_LinkDriverEx:
  25              	.LVL0:
  26              	.LFB78:
  27              		.file 1 "Middlewares/Third_Party/FatFs/src/ff_gen_drv.c"
   1:Middlewares/Third_Party/FatFs/src/ff_gen_drv.c **** /**
   2:Middlewares/Third_Party/FatFs/src/ff_gen_drv.c ****   ******************************************************************************
   3:Middlewares/Third_Party/FatFs/src/ff_gen_drv.c ****   * @file    ff_gen_drv.c 
   4:Middlewares/Third_Party/FatFs/src/ff_gen_drv.c ****   * @author  MCD Application Team
   5:Middlewares/Third_Party/FatFs/src/ff_gen_drv.c ****   * @version V1.4.1
   6:Middlewares/Third_Party/FatFs/src/ff_gen_drv.c ****   * @date    14-February-2017
   7:Middlewares/Third_Party/FatFs/src/ff_gen_drv.c ****   * @brief   FatFs generic low level driver.
   8:Middlewares/Third_Party/FatFs/src/ff_gen_drv.c ****   ******************************************************************************
   9:Middlewares/Third_Party/FatFs/src/ff_gen_drv.c ****   * @attention
  10:Middlewares/Third_Party/FatFs/src/ff_gen_drv.c ****   *
  11:Middlewares/Third_Party/FatFs/src/ff_gen_drv.c ****   * <h2><center>&copy; COPYRIGHT 2017 STMicroelectronics</center></h2>
  12:Middlewares/Third_Party/FatFs/src/ff_gen_drv.c ****   *
  13:Middlewares/Third_Party/FatFs/src/ff_gen_drv.c ****   * Redistribution and use in source and binary forms, with or without 
  14:Middlewares/Third_Party/FatFs/src/ff_gen_drv.c ****   * modification, are permitted, provided that the following conditions are met:
  15:Middlewares/Third_Party/FatFs/src/ff_gen_drv.c ****   *
  16:Middlewares/Third_Party/FatFs/src/ff_gen_drv.c ****   * 1. Redistribution of source code must retain the above copyright notice, 
  17:Middlewares/Third_Party/FatFs/src/ff_gen_drv.c ****   *    this list of conditions and the following disclaimer.
  18:Middlewares/Third_Party/FatFs/src/ff_gen_drv.c ****   * 2. Redistributions in binary form must reproduce the above copyright notice,
  19:Middlewares/Third_Party/FatFs/src/ff_gen_drv.c ****   *    this list of conditions and the following disclaimer in the documentation
  20:Middlewares/Third_Party/FatFs/src/ff_gen_drv.c ****   *    and/or other materials provided with the distribution.
  21:Middlewares/Third_Party/FatFs/src/ff_gen_drv.c ****   * 3. Neither the name of STMicroelectronics nor the names of other 
  22:Middlewares/Third_Party/FatFs/src/ff_gen_drv.c ****   *    contributors to this software may be used to endorse or promote products 
  23:Middlewares/Third_Party/FatFs/src/ff_gen_drv.c ****   *    derived from this software without specific written permission.
  24:Middlewares/Third_Party/FatFs/src/ff_gen_drv.c ****   * 4. This software, including modifications and/or derivative works of this 
  25:Middlewares/Third_Party/FatFs/src/ff_gen_drv.c ****   *    software, must execute solely and exclusively on microcontroller or
  26:Middlewares/Third_Party/FatFs/src/ff_gen_drv.c ****   *    microprocessor devices manufactured by or for STMicroelectronics.
  27:Middlewares/Third_Party/FatFs/src/ff_gen_drv.c ****   * 5. Redistribution and use of this software other than as permitted under 
  28:Middlewares/Third_Party/FatFs/src/ff_gen_drv.c ****   *    this license is void and will automatically terminate your rights under 
  29:Middlewares/Third_Party/FatFs/src/ff_gen_drv.c ****   *    this license. 
  30:Middlewares/Third_Party/FatFs/src/ff_gen_drv.c ****   *
  31:Middlewares/Third_Party/FatFs/src/ff_gen_drv.c ****   * THIS SOFTWARE IS PROVIDED BY STMICROELECTRONICS AND CONTRIBUTORS "AS IS" 
ARM GAS  C:\Users\xxy\AppData\Local\Temp\cckWimx0.s 			page 2


  32:Middlewares/Third_Party/FatFs/src/ff_gen_drv.c ****   * AND ANY EXPRESS, IMPLIED OR STATUTORY WARRANTIES, INCLUDING, BUT NOT 
  33:Middlewares/Third_Party/FatFs/src/ff_gen_drv.c ****   * LIMITED TO, THE IMPLIED WARRANTIES OF MERCHANTABILITY, FITNESS FOR A 
  34:Middlewares/Third_Party/FatFs/src/ff_gen_drv.c ****   * PARTICULAR PURPOSE AND NON-INFRINGEMENT OF THIRD PARTY INTELLECTUAL PROPERTY
  35:Middlewares/Third_Party/FatFs/src/ff_gen_drv.c ****   * RIGHTS ARE DISCLAIMED TO THE FULLEST EXTENT PERMITTED BY LAW. IN NO EVENT 
  36:Middlewares/Third_Party/FatFs/src/ff_gen_drv.c ****   * SHALL STMICROELECTRONICS OR CONTRIBUTORS BE LIABLE FOR ANY DIRECT, INDIRECT,
  37:Middlewares/Third_Party/FatFs/src/ff_gen_drv.c ****   * INCIDENTAL, SPECIAL, EXEMPLARY, OR CONSEQUENTIAL DAMAGES (INCLUDING, BUT NOT
  38:Middlewares/Third_Party/FatFs/src/ff_gen_drv.c ****   * LIMITED TO, PROCUREMENT OF SUBSTITUTE GOODS OR SERVICES; LOSS OF USE, DATA, 
  39:Middlewares/Third_Party/FatFs/src/ff_gen_drv.c ****   * OR PROFITS; OR BUSINESS INTERRUPTION) HOWEVER CAUSED AND ON ANY THEORY OF 
  40:Middlewares/Third_Party/FatFs/src/ff_gen_drv.c ****   * LIABILITY, WHETHER IN CONTRACT, STRICT LIABILITY, OR TORT (INCLUDING 
  41:Middlewares/Third_Party/FatFs/src/ff_gen_drv.c ****   * NEGLIGENCE OR OTHERWISE) ARISING IN ANY WAY OUT OF THE USE OF THIS SOFTWARE,
  42:Middlewares/Third_Party/FatFs/src/ff_gen_drv.c ****   * EVEN IF ADVISED OF THE POSSIBILITY OF SUCH DAMAGE.
  43:Middlewares/Third_Party/FatFs/src/ff_gen_drv.c ****   *
  44:Middlewares/Third_Party/FatFs/src/ff_gen_drv.c ****   ******************************************************************************
  45:Middlewares/Third_Party/FatFs/src/ff_gen_drv.c ****   */ 
  46:Middlewares/Third_Party/FatFs/src/ff_gen_drv.c **** 
  47:Middlewares/Third_Party/FatFs/src/ff_gen_drv.c **** /* Includes ------------------------------------------------------------------*/
  48:Middlewares/Third_Party/FatFs/src/ff_gen_drv.c **** #include "ff_gen_drv.h"
  49:Middlewares/Third_Party/FatFs/src/ff_gen_drv.c **** 
  50:Middlewares/Third_Party/FatFs/src/ff_gen_drv.c **** /* Private typedef -----------------------------------------------------------*/
  51:Middlewares/Third_Party/FatFs/src/ff_gen_drv.c **** /* Private define ------------------------------------------------------------*/
  52:Middlewares/Third_Party/FatFs/src/ff_gen_drv.c **** /* Private variables ---------------------------------------------------------*/
  53:Middlewares/Third_Party/FatFs/src/ff_gen_drv.c **** Disk_drvTypeDef disk = {{0},{0},{0},0};
  54:Middlewares/Third_Party/FatFs/src/ff_gen_drv.c **** 
  55:Middlewares/Third_Party/FatFs/src/ff_gen_drv.c **** /* Private function prototypes -----------------------------------------------*/
  56:Middlewares/Third_Party/FatFs/src/ff_gen_drv.c **** /* Private functions ---------------------------------------------------------*/
  57:Middlewares/Third_Party/FatFs/src/ff_gen_drv.c **** 
  58:Middlewares/Third_Party/FatFs/src/ff_gen_drv.c **** /**
  59:Middlewares/Third_Party/FatFs/src/ff_gen_drv.c ****   * @brief  Links a compatible diskio driver/lun id and increments the number of active
  60:Middlewares/Third_Party/FatFs/src/ff_gen_drv.c ****   *         linked drivers.
  61:Middlewares/Third_Party/FatFs/src/ff_gen_drv.c ****   * @note   The number of linked drivers (volumes) is up to 10 due to FatFs limits.
  62:Middlewares/Third_Party/FatFs/src/ff_gen_drv.c ****   * @param  drv: pointer to the disk IO Driver structure
  63:Middlewares/Third_Party/FatFs/src/ff_gen_drv.c ****   * @param  path: pointer to the logical drive path 
  64:Middlewares/Third_Party/FatFs/src/ff_gen_drv.c ****   * @param  lun : only used for USB Key Disk to add multi-lun management
  65:Middlewares/Third_Party/FatFs/src/ff_gen_drv.c ****             else the paramter must be equal to 0
  66:Middlewares/Third_Party/FatFs/src/ff_gen_drv.c ****   * @retval Returns 0 in case of success, otherwise 1.
  67:Middlewares/Third_Party/FatFs/src/ff_gen_drv.c ****   */
  68:Middlewares/Third_Party/FatFs/src/ff_gen_drv.c **** uint8_t FATFS_LinkDriverEx(Diskio_drvTypeDef *drv, char *path, uint8_t lun)
  69:Middlewares/Third_Party/FatFs/src/ff_gen_drv.c **** {
  28              		.loc 1 69 1 view -0
  29              		.cfi_startproc
  30              		@ args = 0, pretend = 0, frame = 0
  31              		@ frame_needed = 0, uses_anonymous_args = 0
  32              		@ link register save eliminated.
  70:Middlewares/Third_Party/FatFs/src/ff_gen_drv.c ****   uint8_t ret = 1;
  33              		.loc 1 70 3 view .LVU1
  71:Middlewares/Third_Party/FatFs/src/ff_gen_drv.c ****   uint8_t DiskNum = 0;
  34              		.loc 1 71 3 view .LVU2
  72:Middlewares/Third_Party/FatFs/src/ff_gen_drv.c ****   
  73:Middlewares/Third_Party/FatFs/src/ff_gen_drv.c ****   if(disk.nbr <= _VOLUMES)
  35              		.loc 1 73 3 view .LVU3
  36              		.loc 1 73 10 is_stmt 0 view .LVU4
  37 0000 114B     		ldr	r3, .L9
  38 0002 5B7A     		ldrb	r3, [r3, #9]	@ zero_extendqisi2
  39 0004 DBB2     		uxtb	r3, r3
  40              		.loc 1 73 5 view .LVU5
  41 0006 012B     		cmp	r3, #1
  42 0008 01D9     		bls	.L8
ARM GAS  C:\Users\xxy\AppData\Local\Temp\cckWimx0.s 			page 3


  70:Middlewares/Third_Party/FatFs/src/ff_gen_drv.c ****   uint8_t DiskNum = 0;
  43              		.loc 1 70 11 view .LVU6
  44 000a 0120     		movs	r0, #1
  45              	.LVL1:
  74:Middlewares/Third_Party/FatFs/src/ff_gen_drv.c ****   {
  75:Middlewares/Third_Party/FatFs/src/ff_gen_drv.c ****     disk.is_initialized[disk.nbr] = 0;
  76:Middlewares/Third_Party/FatFs/src/ff_gen_drv.c ****     disk.drv[disk.nbr] = drv;  
  77:Middlewares/Third_Party/FatFs/src/ff_gen_drv.c ****     disk.lun[disk.nbr] = lun;  
  78:Middlewares/Third_Party/FatFs/src/ff_gen_drv.c ****     DiskNum = disk.nbr++;
  79:Middlewares/Third_Party/FatFs/src/ff_gen_drv.c ****     path[0] = DiskNum + '0';
  80:Middlewares/Third_Party/FatFs/src/ff_gen_drv.c ****     path[1] = ':';
  81:Middlewares/Third_Party/FatFs/src/ff_gen_drv.c ****     path[2] = '/';
  82:Middlewares/Third_Party/FatFs/src/ff_gen_drv.c ****     path[3] = 0;
  83:Middlewares/Third_Party/FatFs/src/ff_gen_drv.c ****     ret = 0;
  84:Middlewares/Third_Party/FatFs/src/ff_gen_drv.c ****   }
  85:Middlewares/Third_Party/FatFs/src/ff_gen_drv.c ****   
  86:Middlewares/Third_Party/FatFs/src/ff_gen_drv.c ****   return ret;
  46              		.loc 1 86 3 is_stmt 1 view .LVU7
  87:Middlewares/Third_Party/FatFs/src/ff_gen_drv.c **** }
  47              		.loc 1 87 1 is_stmt 0 view .LVU8
  48 000c 7047     		bx	lr
  49              	.LVL2:
  50              	.L8:
  69:Middlewares/Third_Party/FatFs/src/ff_gen_drv.c ****   uint8_t ret = 1;
  51              		.loc 1 69 1 view .LVU9
  52 000e 30B4     		push	{r4, r5}
  53              	.LCFI0:
  54              		.cfi_def_cfa_offset 8
  55              		.cfi_offset 4, -8
  56              		.cfi_offset 5, -4
  75:Middlewares/Third_Party/FatFs/src/ff_gen_drv.c ****     disk.drv[disk.nbr] = drv;  
  57              		.loc 1 75 5 is_stmt 1 view .LVU10
  75:Middlewares/Third_Party/FatFs/src/ff_gen_drv.c ****     disk.drv[disk.nbr] = drv;  
  58              		.loc 1 75 29 is_stmt 0 view .LVU11
  59 0010 0D4B     		ldr	r3, .L9
  60 0012 5D7A     		ldrb	r5, [r3, #9]	@ zero_extendqisi2
  61 0014 EDB2     		uxtb	r5, r5
  75:Middlewares/Third_Party/FatFs/src/ff_gen_drv.c ****     disk.drv[disk.nbr] = drv;  
  62              		.loc 1 75 35 view .LVU12
  63 0016 0024     		movs	r4, #0
  64 0018 5C55     		strb	r4, [r3, r5]
  76:Middlewares/Third_Party/FatFs/src/ff_gen_drv.c ****     disk.lun[disk.nbr] = lun;  
  65              		.loc 1 76 5 is_stmt 1 view .LVU13
  76:Middlewares/Third_Party/FatFs/src/ff_gen_drv.c ****     disk.lun[disk.nbr] = lun;  
  66              		.loc 1 76 18 is_stmt 0 view .LVU14
  67 001a 5D7A     		ldrb	r5, [r3, #9]	@ zero_extendqisi2
  76:Middlewares/Third_Party/FatFs/src/ff_gen_drv.c ****     disk.lun[disk.nbr] = lun;  
  68              		.loc 1 76 24 view .LVU15
  69 001c 03EB8505 		add	r5, r3, r5, lsl #2
  70 0020 6860     		str	r0, [r5, #4]
  77:Middlewares/Third_Party/FatFs/src/ff_gen_drv.c ****     DiskNum = disk.nbr++;
  71              		.loc 1 77 5 is_stmt 1 view .LVU16
  77:Middlewares/Third_Party/FatFs/src/ff_gen_drv.c ****     DiskNum = disk.nbr++;
  72              		.loc 1 77 18 is_stmt 0 view .LVU17
  73 0022 587A     		ldrb	r0, [r3, #9]	@ zero_extendqisi2
  74              	.LVL3:
  77:Middlewares/Third_Party/FatFs/src/ff_gen_drv.c ****     DiskNum = disk.nbr++;
ARM GAS  C:\Users\xxy\AppData\Local\Temp\cckWimx0.s 			page 4


  75              		.loc 1 77 24 view .LVU18
  76 0024 1844     		add	r0, r0, r3
  77 0026 0272     		strb	r2, [r0, #8]
  78:Middlewares/Third_Party/FatFs/src/ff_gen_drv.c ****     path[0] = DiskNum + '0';
  78              		.loc 1 78 5 is_stmt 1 view .LVU19
  78:Middlewares/Third_Party/FatFs/src/ff_gen_drv.c ****     path[0] = DiskNum + '0';
  79              		.loc 1 78 19 is_stmt 0 view .LVU20
  80 0028 5A7A     		ldrb	r2, [r3, #9]	@ zero_extendqisi2
  81              	.LVL4:
  78:Middlewares/Third_Party/FatFs/src/ff_gen_drv.c ****     path[0] = DiskNum + '0';
  82              		.loc 1 78 19 view .LVU21
  83 002a D2B2     		uxtb	r2, r2
  78:Middlewares/Third_Party/FatFs/src/ff_gen_drv.c ****     path[0] = DiskNum + '0';
  84              		.loc 1 78 23 view .LVU22
  85 002c 501C     		adds	r0, r2, #1
  86              	.LVL5:
  78:Middlewares/Third_Party/FatFs/src/ff_gen_drv.c ****     path[0] = DiskNum + '0';
  87              		.loc 1 78 23 view .LVU23
  88 002e C0B2     		uxtb	r0, r0
  89 0030 5872     		strb	r0, [r3, #9]
  90              	.LVL6:
  79:Middlewares/Third_Party/FatFs/src/ff_gen_drv.c ****     path[1] = ':';
  91              		.loc 1 79 5 is_stmt 1 view .LVU24
  79:Middlewares/Third_Party/FatFs/src/ff_gen_drv.c ****     path[1] = ':';
  92              		.loc 1 79 23 is_stmt 0 view .LVU25
  93 0032 3032     		adds	r2, r2, #48
  94              	.LVL7:
  79:Middlewares/Third_Party/FatFs/src/ff_gen_drv.c ****     path[1] = ':';
  95              		.loc 1 79 13 view .LVU26
  96 0034 0A70     		strb	r2, [r1]
  97              	.LVL8:
  80:Middlewares/Third_Party/FatFs/src/ff_gen_drv.c ****     path[2] = '/';
  98              		.loc 1 80 5 is_stmt 1 view .LVU27
  80:Middlewares/Third_Party/FatFs/src/ff_gen_drv.c ****     path[2] = '/';
  99              		.loc 1 80 13 is_stmt 0 view .LVU28
 100 0036 3A23     		movs	r3, #58
 101 0038 4B70     		strb	r3, [r1, #1]
  81:Middlewares/Third_Party/FatFs/src/ff_gen_drv.c ****     path[3] = 0;
 102              		.loc 1 81 5 is_stmt 1 view .LVU29
  81:Middlewares/Third_Party/FatFs/src/ff_gen_drv.c ****     path[3] = 0;
 103              		.loc 1 81 13 is_stmt 0 view .LVU30
 104 003a 2F23     		movs	r3, #47
 105 003c 8B70     		strb	r3, [r1, #2]
  82:Middlewares/Third_Party/FatFs/src/ff_gen_drv.c ****     ret = 0;
 106              		.loc 1 82 5 is_stmt 1 view .LVU31
  82:Middlewares/Third_Party/FatFs/src/ff_gen_drv.c ****     ret = 0;
 107              		.loc 1 82 13 is_stmt 0 view .LVU32
 108 003e CC70     		strb	r4, [r1, #3]
  83:Middlewares/Third_Party/FatFs/src/ff_gen_drv.c ****   }
 109              		.loc 1 83 5 is_stmt 1 view .LVU33
 110              	.LVL9:
  83:Middlewares/Third_Party/FatFs/src/ff_gen_drv.c ****   }
 111              		.loc 1 83 9 is_stmt 0 view .LVU34
 112 0040 2046     		mov	r0, r4
 113              	.LVL10:
  86:Middlewares/Third_Party/FatFs/src/ff_gen_drv.c **** }
 114              		.loc 1 86 3 is_stmt 1 view .LVU35
ARM GAS  C:\Users\xxy\AppData\Local\Temp\cckWimx0.s 			page 5


 115              		.loc 1 87 1 is_stmt 0 view .LVU36
 116 0042 30BC     		pop	{r4, r5}
 117              	.LCFI1:
 118              		.cfi_restore 5
 119              		.cfi_restore 4
 120              		.cfi_def_cfa_offset 0
 121 0044 7047     		bx	lr
 122              	.L10:
 123 0046 00BF     		.align	2
 124              	.L9:
 125 0048 00000000 		.word	.LANCHOR0
 126              		.cfi_endproc
 127              	.LFE78:
 129              		.section	.text.FATFS_LinkDriver,"ax",%progbits
 130              		.align	1
 131              		.global	FATFS_LinkDriver
 132              		.syntax unified
 133              		.thumb
 134              		.thumb_func
 135              		.fpu softvfp
 137              	FATFS_LinkDriver:
 138              	.LVL11:
 139              	.LFB79:
  88:Middlewares/Third_Party/FatFs/src/ff_gen_drv.c **** 
  89:Middlewares/Third_Party/FatFs/src/ff_gen_drv.c **** /**
  90:Middlewares/Third_Party/FatFs/src/ff_gen_drv.c ****   * @brief  Links a compatible diskio driver and increments the number of active
  91:Middlewares/Third_Party/FatFs/src/ff_gen_drv.c ****   *         linked drivers.          
  92:Middlewares/Third_Party/FatFs/src/ff_gen_drv.c ****   * @note   The number of linked drivers (volumes) is up to 10 due to FatFs limits
  93:Middlewares/Third_Party/FatFs/src/ff_gen_drv.c ****   * @param  drv: pointer to the disk IO Driver structure
  94:Middlewares/Third_Party/FatFs/src/ff_gen_drv.c ****   * @param  path: pointer to the logical drive path 
  95:Middlewares/Third_Party/FatFs/src/ff_gen_drv.c ****   * @retval Returns 0 in case of success, otherwise 1.
  96:Middlewares/Third_Party/FatFs/src/ff_gen_drv.c ****   */
  97:Middlewares/Third_Party/FatFs/src/ff_gen_drv.c **** uint8_t FATFS_LinkDriver(Diskio_drvTypeDef *drv, char *path)
  98:Middlewares/Third_Party/FatFs/src/ff_gen_drv.c **** {
 140              		.loc 1 98 1 is_stmt 1 view -0
 141              		.cfi_startproc
 142              		@ args = 0, pretend = 0, frame = 0
 143              		@ frame_needed = 0, uses_anonymous_args = 0
 144              		.loc 1 98 1 is_stmt 0 view .LVU38
 145 0000 08B5     		push	{r3, lr}
 146              	.LCFI2:
 147              		.cfi_def_cfa_offset 8
 148              		.cfi_offset 3, -8
 149              		.cfi_offset 14, -4
  99:Middlewares/Third_Party/FatFs/src/ff_gen_drv.c ****   return FATFS_LinkDriverEx(drv, path, 0);
 150              		.loc 1 99 3 is_stmt 1 view .LVU39
 151              		.loc 1 99 10 is_stmt 0 view .LVU40
 152 0002 0022     		movs	r2, #0
 153 0004 FFF7FEFF 		bl	FATFS_LinkDriverEx
 154              	.LVL12:
 100:Middlewares/Third_Party/FatFs/src/ff_gen_drv.c **** }
 155              		.loc 1 100 1 view .LVU41
 156 0008 08BD     		pop	{r3, pc}
 157              		.cfi_endproc
 158              	.LFE79:
 160              		.section	.text.FATFS_UnLinkDriverEx,"ax",%progbits
 161              		.align	1
ARM GAS  C:\Users\xxy\AppData\Local\Temp\cckWimx0.s 			page 6


 162              		.global	FATFS_UnLinkDriverEx
 163              		.syntax unified
 164              		.thumb
 165              		.thumb_func
 166              		.fpu softvfp
 168              	FATFS_UnLinkDriverEx:
 169              	.LVL13:
 170              	.LFB80:
 101:Middlewares/Third_Party/FatFs/src/ff_gen_drv.c **** 
 102:Middlewares/Third_Party/FatFs/src/ff_gen_drv.c **** /**
 103:Middlewares/Third_Party/FatFs/src/ff_gen_drv.c ****   * @brief  Unlinks a diskio driver and decrements the number of active linked
 104:Middlewares/Third_Party/FatFs/src/ff_gen_drv.c ****   *         drivers.
 105:Middlewares/Third_Party/FatFs/src/ff_gen_drv.c ****   * @param  path: pointer to the logical drive path  
 106:Middlewares/Third_Party/FatFs/src/ff_gen_drv.c ****   * @param  lun : not used   
 107:Middlewares/Third_Party/FatFs/src/ff_gen_drv.c ****   * @retval Returns 0 in case of success, otherwise 1.
 108:Middlewares/Third_Party/FatFs/src/ff_gen_drv.c ****   */
 109:Middlewares/Third_Party/FatFs/src/ff_gen_drv.c **** uint8_t FATFS_UnLinkDriverEx(char *path, uint8_t lun)
 110:Middlewares/Third_Party/FatFs/src/ff_gen_drv.c **** { 
 171              		.loc 1 110 1 is_stmt 1 view -0
 172              		.cfi_startproc
 173              		@ args = 0, pretend = 0, frame = 0
 174              		@ frame_needed = 0, uses_anonymous_args = 0
 175              		@ link register save eliminated.
 111:Middlewares/Third_Party/FatFs/src/ff_gen_drv.c ****   uint8_t DiskNum = 0;
 176              		.loc 1 111 3 view .LVU43
 112:Middlewares/Third_Party/FatFs/src/ff_gen_drv.c ****   uint8_t ret = 1;
 177              		.loc 1 112 3 view .LVU44
 113:Middlewares/Third_Party/FatFs/src/ff_gen_drv.c ****   
 114:Middlewares/Third_Party/FatFs/src/ff_gen_drv.c ****   if(disk.nbr >= 1)
 178              		.loc 1 114 3 view .LVU45
 179              		.loc 1 114 10 is_stmt 0 view .LVU46
 180 0000 0D4B     		ldr	r3, .L17
 181 0002 5B7A     		ldrb	r3, [r3, #9]	@ zero_extendqisi2
 182              		.loc 1 114 5 view .LVU47
 183 0004 9BB1     		cbz	r3, .L15
 115:Middlewares/Third_Party/FatFs/src/ff_gen_drv.c ****   {    
 116:Middlewares/Third_Party/FatFs/src/ff_gen_drv.c ****     DiskNum = path[0] - '0';
 184              		.loc 1 116 5 is_stmt 1 view .LVU48
 185              		.loc 1 116 19 is_stmt 0 view .LVU49
 186 0006 0378     		ldrb	r3, [r0]	@ zero_extendqisi2
 187              		.loc 1 116 13 view .LVU50
 188 0008 303B     		subs	r3, r3, #48
 189 000a DBB2     		uxtb	r3, r3
 190              	.LVL14:
 117:Middlewares/Third_Party/FatFs/src/ff_gen_drv.c ****     if(disk.drv[DiskNum] != 0)
 191              		.loc 1 117 5 is_stmt 1 view .LVU51
 192              		.loc 1 117 16 is_stmt 0 view .LVU52
 193 000c 0A4A     		ldr	r2, .L17
 194 000e 02EB8302 		add	r2, r2, r3, lsl #2
 195 0012 5268     		ldr	r2, [r2, #4]
 196              		.loc 1 117 7 view .LVU53
 197 0014 6AB1     		cbz	r2, .L16
 118:Middlewares/Third_Party/FatFs/src/ff_gen_drv.c ****     {
 119:Middlewares/Third_Party/FatFs/src/ff_gen_drv.c ****       disk.drv[DiskNum] = 0;
 198              		.loc 1 119 7 is_stmt 1 view .LVU54
 199              		.loc 1 119 25 is_stmt 0 view .LVU55
 200 0016 084A     		ldr	r2, .L17
ARM GAS  C:\Users\xxy\AppData\Local\Temp\cckWimx0.s 			page 7


 201 0018 02EB8301 		add	r1, r2, r3, lsl #2
 202              	.LVL15:
 203              		.loc 1 119 25 view .LVU56
 204 001c 0020     		movs	r0, #0
 205              	.LVL16:
 206              		.loc 1 119 25 view .LVU57
 207 001e 4860     		str	r0, [r1, #4]
 120:Middlewares/Third_Party/FatFs/src/ff_gen_drv.c ****       disk.lun[DiskNum] = 0;
 208              		.loc 1 120 7 is_stmt 1 view .LVU58
 209              		.loc 1 120 25 is_stmt 0 view .LVU59
 210 0020 1344     		add	r3, r3, r2
 211 0022 1872     		strb	r0, [r3, #8]
 121:Middlewares/Third_Party/FatFs/src/ff_gen_drv.c ****       disk.nbr--;
 212              		.loc 1 121 7 is_stmt 1 view .LVU60
 213              		.loc 1 121 11 is_stmt 0 view .LVU61
 214 0024 537A     		ldrb	r3, [r2, #9]	@ zero_extendqisi2
 215              		.loc 1 121 15 view .LVU62
 216 0026 013B     		subs	r3, r3, #1
 217 0028 DBB2     		uxtb	r3, r3
 218 002a 5372     		strb	r3, [r2, #9]
 122:Middlewares/Third_Party/FatFs/src/ff_gen_drv.c ****       ret = 0;
 219              		.loc 1 122 7 is_stmt 1 view .LVU63
 220              	.LVL17:
 221              		.loc 1 122 7 is_stmt 0 view .LVU64
 222 002c 7047     		bx	lr
 223              	.LVL18:
 224              	.L15:
 112:Middlewares/Third_Party/FatFs/src/ff_gen_drv.c ****   
 225              		.loc 1 112 11 view .LVU65
 226 002e 0120     		movs	r0, #1
 227              	.LVL19:
 112:Middlewares/Third_Party/FatFs/src/ff_gen_drv.c ****   
 228              		.loc 1 112 11 view .LVU66
 229 0030 7047     		bx	lr
 230              	.LVL20:
 231              	.L16:
 112:Middlewares/Third_Party/FatFs/src/ff_gen_drv.c ****   
 232              		.loc 1 112 11 view .LVU67
 233 0032 0120     		movs	r0, #1
 234              	.LVL21:
 123:Middlewares/Third_Party/FatFs/src/ff_gen_drv.c ****     }
 124:Middlewares/Third_Party/FatFs/src/ff_gen_drv.c ****   }
 125:Middlewares/Third_Party/FatFs/src/ff_gen_drv.c ****   
 126:Middlewares/Third_Party/FatFs/src/ff_gen_drv.c ****   return ret;
 235              		.loc 1 126 3 is_stmt 1 view .LVU68
 127:Middlewares/Third_Party/FatFs/src/ff_gen_drv.c **** }
 236              		.loc 1 127 1 is_stmt 0 view .LVU69
 237 0034 7047     		bx	lr
 238              	.L18:
 239 0036 00BF     		.align	2
 240              	.L17:
 241 0038 00000000 		.word	.LANCHOR0
 242              		.cfi_endproc
 243              	.LFE80:
 245              		.section	.text.FATFS_UnLinkDriver,"ax",%progbits
 246              		.align	1
 247              		.global	FATFS_UnLinkDriver
ARM GAS  C:\Users\xxy\AppData\Local\Temp\cckWimx0.s 			page 8


 248              		.syntax unified
 249              		.thumb
 250              		.thumb_func
 251              		.fpu softvfp
 253              	FATFS_UnLinkDriver:
 254              	.LVL22:
 255              	.LFB81:
 128:Middlewares/Third_Party/FatFs/src/ff_gen_drv.c **** 
 129:Middlewares/Third_Party/FatFs/src/ff_gen_drv.c **** /**
 130:Middlewares/Third_Party/FatFs/src/ff_gen_drv.c ****   * @brief  Unlinks a diskio driver and decrements the number of active linked
 131:Middlewares/Third_Party/FatFs/src/ff_gen_drv.c ****   *         drivers.
 132:Middlewares/Third_Party/FatFs/src/ff_gen_drv.c ****   * @param  path: pointer to the logical drive path  
 133:Middlewares/Third_Party/FatFs/src/ff_gen_drv.c ****   * @retval Returns 0 in case of success, otherwise 1.
 134:Middlewares/Third_Party/FatFs/src/ff_gen_drv.c ****   */
 135:Middlewares/Third_Party/FatFs/src/ff_gen_drv.c **** uint8_t FATFS_UnLinkDriver(char *path)
 136:Middlewares/Third_Party/FatFs/src/ff_gen_drv.c **** { 
 256              		.loc 1 136 1 is_stmt 1 view -0
 257              		.cfi_startproc
 258              		@ args = 0, pretend = 0, frame = 0
 259              		@ frame_needed = 0, uses_anonymous_args = 0
 260              		.loc 1 136 1 is_stmt 0 view .LVU71
 261 0000 08B5     		push	{r3, lr}
 262              	.LCFI3:
 263              		.cfi_def_cfa_offset 8
 264              		.cfi_offset 3, -8
 265              		.cfi_offset 14, -4
 137:Middlewares/Third_Party/FatFs/src/ff_gen_drv.c ****   return FATFS_UnLinkDriverEx(path, 0);
 266              		.loc 1 137 3 is_stmt 1 view .LVU72
 267              		.loc 1 137 10 is_stmt 0 view .LVU73
 268 0002 0021     		movs	r1, #0
 269 0004 FFF7FEFF 		bl	FATFS_UnLinkDriverEx
 270              	.LVL23:
 138:Middlewares/Third_Party/FatFs/src/ff_gen_drv.c **** }
 271              		.loc 1 138 1 view .LVU74
 272 0008 08BD     		pop	{r3, pc}
 273              		.cfi_endproc
 274              	.LFE81:
 276              		.section	.text.FATFS_GetAttachedDriversNbr,"ax",%progbits
 277              		.align	1
 278              		.global	FATFS_GetAttachedDriversNbr
 279              		.syntax unified
 280              		.thumb
 281              		.thumb_func
 282              		.fpu softvfp
 284              	FATFS_GetAttachedDriversNbr:
 285              	.LFB82:
 139:Middlewares/Third_Party/FatFs/src/ff_gen_drv.c **** 
 140:Middlewares/Third_Party/FatFs/src/ff_gen_drv.c **** /**
 141:Middlewares/Third_Party/FatFs/src/ff_gen_drv.c ****   * @brief  Gets number of linked drivers to the FatFs module.
 142:Middlewares/Third_Party/FatFs/src/ff_gen_drv.c ****   * @param  None
 143:Middlewares/Third_Party/FatFs/src/ff_gen_drv.c ****   * @retval Number of attached drivers.
 144:Middlewares/Third_Party/FatFs/src/ff_gen_drv.c ****   */
 145:Middlewares/Third_Party/FatFs/src/ff_gen_drv.c **** uint8_t FATFS_GetAttachedDriversNbr(void)
 146:Middlewares/Third_Party/FatFs/src/ff_gen_drv.c **** {
 286              		.loc 1 146 1 is_stmt 1 view -0
 287              		.cfi_startproc
 288              		@ args = 0, pretend = 0, frame = 0
ARM GAS  C:\Users\xxy\AppData\Local\Temp\cckWimx0.s 			page 9


 289              		@ frame_needed = 0, uses_anonymous_args = 0
 290              		@ link register save eliminated.
 147:Middlewares/Third_Party/FatFs/src/ff_gen_drv.c ****   return disk.nbr;
 291              		.loc 1 147 3 view .LVU76
 292              		.loc 1 147 14 is_stmt 0 view .LVU77
 293 0000 014B     		ldr	r3, .L22
 294 0002 587A     		ldrb	r0, [r3, #9]	@ zero_extendqisi2
 148:Middlewares/Third_Party/FatFs/src/ff_gen_drv.c **** }
 295              		.loc 1 148 1 view .LVU78
 296 0004 7047     		bx	lr
 297              	.L23:
 298 0006 00BF     		.align	2
 299              	.L22:
 300 0008 00000000 		.word	.LANCHOR0
 301              		.cfi_endproc
 302              	.LFE82:
 304              		.global	disk
 305              		.section	.bss.disk,"aw",%nobits
 306              		.align	2
 307              		.set	.LANCHOR0,. + 0
 310              	disk:
 311 0000 00000000 		.space	12
 311      00000000 
 311      00000000 
 312              		.text
 313              	.Letext0:
 314              		.file 2 "Middlewares/Third_Party/FatFs/src/integer.h"
 315              		.file 3 "Middlewares/Third_Party/FatFs/src/diskio.h"
 316              		.file 4 "D:\\MinGW\\include/stdint.h"
 317              		.file 5 "Drivers/CMSIS/Include/core_cm3.h"
 318              		.file 6 "Drivers/CMSIS/Device/ST/STM32F1xx/Include/system_stm32f1xx.h"
 319              		.file 7 "D:\\MinGW\\include/stdio.h"
 320              		.file 8 "Drivers/STM32F1xx_HAL_Driver/Inc/stm32f1xx_hal.h"
 321              		.file 9 "Middlewares/Third_Party/FatFs/src/ff_gen_drv.h"
ARM GAS  C:\Users\xxy\AppData\Local\Temp\cckWimx0.s 			page 10


DEFINED SYMBOLS
                            *ABS*:00000000 ff_gen_drv.c
C:\Users\xxy\AppData\Local\Temp\cckWimx0.s:16     .text.FATFS_LinkDriverEx:00000000 $t
C:\Users\xxy\AppData\Local\Temp\cckWimx0.s:24     .text.FATFS_LinkDriverEx:00000000 FATFS_LinkDriverEx
C:\Users\xxy\AppData\Local\Temp\cckWimx0.s:125    .text.FATFS_LinkDriverEx:00000048 $d
C:\Users\xxy\AppData\Local\Temp\cckWimx0.s:130    .text.FATFS_LinkDriver:00000000 $t
C:\Users\xxy\AppData\Local\Temp\cckWimx0.s:137    .text.FATFS_LinkDriver:00000000 FATFS_LinkDriver
C:\Users\xxy\AppData\Local\Temp\cckWimx0.s:161    .text.FATFS_UnLinkDriverEx:00000000 $t
C:\Users\xxy\AppData\Local\Temp\cckWimx0.s:168    .text.FATFS_UnLinkDriverEx:00000000 FATFS_UnLinkDriverEx
C:\Users\xxy\AppData\Local\Temp\cckWimx0.s:241    .text.FATFS_UnLinkDriverEx:00000038 $d
C:\Users\xxy\AppData\Local\Temp\cckWimx0.s:246    .text.FATFS_UnLinkDriver:00000000 $t
C:\Users\xxy\AppData\Local\Temp\cckWimx0.s:253    .text.FATFS_UnLinkDriver:00000000 FATFS_UnLinkDriver
C:\Users\xxy\AppData\Local\Temp\cckWimx0.s:277    .text.FATFS_GetAttachedDriversNbr:00000000 $t
C:\Users\xxy\AppData\Local\Temp\cckWimx0.s:284    .text.FATFS_GetAttachedDriversNbr:00000000 FATFS_GetAttachedDriversNbr
C:\Users\xxy\AppData\Local\Temp\cckWimx0.s:300    .text.FATFS_GetAttachedDriversNbr:00000008 $d
C:\Users\xxy\AppData\Local\Temp\cckWimx0.s:310    .bss.disk:00000000 disk
C:\Users\xxy\AppData\Local\Temp\cckWimx0.s:306    .bss.disk:00000000 $d

NO UNDEFINED SYMBOLS
