ARM GAS  C:\Users\xxy\AppData\Local\Temp\ccb6yH0y.s 			page 1


   1              		.cpu cortex-m3
   2              		.eabi_attribute 20, 1
   3              		.eabi_attribute 21, 1
   4              		.eabi_attribute 23, 3
   5              		.eabi_attribute 24, 1
   6              		.eabi_attribute 25, 1
   7              		.eabi_attribute 26, 1
   8              		.eabi_attribute 30, 1
   9              		.eabi_attribute 34, 1
  10              		.eabi_attribute 18, 4
  11              		.file	"gpio.c"
  12              		.text
  13              	.Ltext0:
  14              		.cfi_sections	.debug_frame
  15              		.section	.text.MX_GPIO_Init,"ax",%progbits
  16              		.align	1
  17              		.global	MX_GPIO_Init
  18              		.arch armv7-m
  19              		.syntax unified
  20              		.thumb
  21              		.thumb_func
  22              		.fpu softvfp
  24              	MX_GPIO_Init:
  25              	.LFB73:
  26              		.file 1 "Src/gpio.c"
   1:Src/gpio.c    **** /**
   2:Src/gpio.c    ****   ******************************************************************************
   3:Src/gpio.c    ****   * File Name          : gpio.c
   4:Src/gpio.c    ****   * Description        : This file provides code for the configuration
   5:Src/gpio.c    ****   *                      of all used GPIO pins.
   6:Src/gpio.c    ****   ******************************************************************************
   7:Src/gpio.c    ****   * @attention
   8:Src/gpio.c    ****   *
   9:Src/gpio.c    ****   * <h2><center>&copy; Copyright (c) 2019 STMicroelectronics.
  10:Src/gpio.c    ****   * All rights reserved.</center></h2>
  11:Src/gpio.c    ****   *
  12:Src/gpio.c    ****   * This software component is licensed by ST under Ultimate Liberty license
  13:Src/gpio.c    ****   * SLA0044, the "License"; You may not use this file except in compliance with
  14:Src/gpio.c    ****   * the License. You may obtain a copy of the License at:
  15:Src/gpio.c    ****   *                             www.st.com/SLA0044
  16:Src/gpio.c    ****   *
  17:Src/gpio.c    ****   ******************************************************************************
  18:Src/gpio.c    ****   */
  19:Src/gpio.c    **** 
  20:Src/gpio.c    **** /* Includes ------------------------------------------------------------------*/
  21:Src/gpio.c    **** #include "gpio.h"
  22:Src/gpio.c    **** /* USER CODE BEGIN 0 */
  23:Src/gpio.c    **** 
  24:Src/gpio.c    **** /* USER CODE END 0 */
  25:Src/gpio.c    **** 
  26:Src/gpio.c    **** /*----------------------------------------------------------------------------*/
  27:Src/gpio.c    **** /* Configure GPIO                                                             */
  28:Src/gpio.c    **** /*----------------------------------------------------------------------------*/
  29:Src/gpio.c    **** /* USER CODE BEGIN 1 */
  30:Src/gpio.c    **** 
  31:Src/gpio.c    **** /* USER CODE END 1 */
  32:Src/gpio.c    **** 
ARM GAS  C:\Users\xxy\AppData\Local\Temp\ccb6yH0y.s 			page 2


  33:Src/gpio.c    **** /** Configure pins as 
  34:Src/gpio.c    ****         * Analog 
  35:Src/gpio.c    ****         * Input 
  36:Src/gpio.c    ****         * Output
  37:Src/gpio.c    ****         * EVENT_OUT
  38:Src/gpio.c    ****         * EXTI
  39:Src/gpio.c    **** */
  40:Src/gpio.c    **** void MX_GPIO_Init(void)
  41:Src/gpio.c    **** {
  27              		.loc 1 41 1 view -0
  28              		.cfi_startproc
  29              		@ args = 0, pretend = 0, frame = 40
  30              		@ frame_needed = 0, uses_anonymous_args = 0
  31 0000 2DE9F043 		push	{r4, r5, r6, r7, r8, r9, lr}
  32              	.LCFI0:
  33              		.cfi_def_cfa_offset 28
  34              		.cfi_offset 4, -28
  35              		.cfi_offset 5, -24
  36              		.cfi_offset 6, -20
  37              		.cfi_offset 7, -16
  38              		.cfi_offset 8, -12
  39              		.cfi_offset 9, -8
  40              		.cfi_offset 14, -4
  41 0004 8BB0     		sub	sp, sp, #44
  42              	.LCFI1:
  43              		.cfi_def_cfa_offset 72
  42:Src/gpio.c    **** 
  43:Src/gpio.c    ****   GPIO_InitTypeDef GPIO_InitStruct = {0};
  44              		.loc 1 43 3 view .LVU1
  45              		.loc 1 43 20 is_stmt 0 view .LVU2
  46 0006 0024     		movs	r4, #0
  47 0008 0694     		str	r4, [sp, #24]
  48 000a 0794     		str	r4, [sp, #28]
  49 000c 0894     		str	r4, [sp, #32]
  50 000e 0994     		str	r4, [sp, #36]
  44:Src/gpio.c    **** 
  45:Src/gpio.c    ****   /* GPIO Ports Clock Enable */
  46:Src/gpio.c    ****   __HAL_RCC_GPIOC_CLK_ENABLE();
  51              		.loc 1 46 3 is_stmt 1 view .LVU3
  52              	.LBB2:
  53              		.loc 1 46 3 view .LVU4
  54              		.loc 1 46 3 view .LVU5
  55 0010 324B     		ldr	r3, .L3
  56 0012 9A69     		ldr	r2, [r3, #24]
  57 0014 42F01002 		orr	r2, r2, #16
  58 0018 9A61     		str	r2, [r3, #24]
  59              		.loc 1 46 3 view .LVU6
  60 001a 9A69     		ldr	r2, [r3, #24]
  61 001c 02F01002 		and	r2, r2, #16
  62 0020 0192     		str	r2, [sp, #4]
  63              		.loc 1 46 3 view .LVU7
  64 0022 019A     		ldr	r2, [sp, #4]
  65              	.LBE2:
  47:Src/gpio.c    ****   __HAL_RCC_GPIOB_CLK_ENABLE();
  66              		.loc 1 47 3 view .LVU8
  67              	.LBB3:
  68              		.loc 1 47 3 view .LVU9
ARM GAS  C:\Users\xxy\AppData\Local\Temp\ccb6yH0y.s 			page 3


  69              		.loc 1 47 3 view .LVU10
  70 0024 9A69     		ldr	r2, [r3, #24]
  71 0026 42F00802 		orr	r2, r2, #8
  72 002a 9A61     		str	r2, [r3, #24]
  73              		.loc 1 47 3 view .LVU11
  74 002c 9A69     		ldr	r2, [r3, #24]
  75 002e 02F00802 		and	r2, r2, #8
  76 0032 0292     		str	r2, [sp, #8]
  77              		.loc 1 47 3 view .LVU12
  78 0034 029A     		ldr	r2, [sp, #8]
  79              	.LBE3:
  48:Src/gpio.c    ****   __HAL_RCC_GPIOE_CLK_ENABLE();
  80              		.loc 1 48 3 view .LVU13
  81              	.LBB4:
  82              		.loc 1 48 3 view .LVU14
  83              		.loc 1 48 3 view .LVU15
  84 0036 9A69     		ldr	r2, [r3, #24]
  85 0038 42F04002 		orr	r2, r2, #64
  86 003c 9A61     		str	r2, [r3, #24]
  87              		.loc 1 48 3 view .LVU16
  88 003e 9A69     		ldr	r2, [r3, #24]
  89 0040 02F04002 		and	r2, r2, #64
  90 0044 0392     		str	r2, [sp, #12]
  91              		.loc 1 48 3 view .LVU17
  92 0046 039A     		ldr	r2, [sp, #12]
  93              	.LBE4:
  49:Src/gpio.c    ****   __HAL_RCC_GPIOD_CLK_ENABLE();
  94              		.loc 1 49 3 view .LVU18
  95              	.LBB5:
  96              		.loc 1 49 3 view .LVU19
  97              		.loc 1 49 3 view .LVU20
  98 0048 9A69     		ldr	r2, [r3, #24]
  99 004a 42F02002 		orr	r2, r2, #32
 100 004e 9A61     		str	r2, [r3, #24]
 101              		.loc 1 49 3 view .LVU21
 102 0050 9A69     		ldr	r2, [r3, #24]
 103 0052 02F02002 		and	r2, r2, #32
 104 0056 0492     		str	r2, [sp, #16]
 105              		.loc 1 49 3 view .LVU22
 106 0058 049A     		ldr	r2, [sp, #16]
 107              	.LBE5:
  50:Src/gpio.c    ****   __HAL_RCC_GPIOA_CLK_ENABLE();
 108              		.loc 1 50 3 view .LVU23
 109              	.LBB6:
 110              		.loc 1 50 3 view .LVU24
 111              		.loc 1 50 3 view .LVU25
 112 005a 9A69     		ldr	r2, [r3, #24]
 113 005c 42F00402 		orr	r2, r2, #4
 114 0060 9A61     		str	r2, [r3, #24]
 115              		.loc 1 50 3 view .LVU26
 116 0062 9B69     		ldr	r3, [r3, #24]
 117 0064 03F00403 		and	r3, r3, #4
 118 0068 0593     		str	r3, [sp, #20]
 119              		.loc 1 50 3 view .LVU27
 120 006a 059B     		ldr	r3, [sp, #20]
 121              	.LBE6:
  51:Src/gpio.c    **** 
ARM GAS  C:\Users\xxy\AppData\Local\Temp\ccb6yH0y.s 			page 4


  52:Src/gpio.c    ****   /*Configure GPIO pin Output Level */
  53:Src/gpio.c    ****   HAL_GPIO_WritePin(GPIOB, GreenLED_Pin|BlueLED_Pin|RedLED_Pin, GPIO_PIN_RESET);
 122              		.loc 1 53 3 view .LVU28
 123 006c 1C4F     		ldr	r7, .L3+4
 124 006e 2246     		mov	r2, r4
 125 0070 2321     		movs	r1, #35
 126 0072 3846     		mov	r0, r7
 127 0074 FFF7FEFF 		bl	HAL_GPIO_WritePin
 128              	.LVL0:
  54:Src/gpio.c    **** 
  55:Src/gpio.c    ****   /*Configure GPIO pin Output Level */
  56:Src/gpio.c    ****   HAL_GPIO_WritePin(LCD_BL_GPIO_Port, LCD_BL_Pin, GPIO_PIN_RESET);
 129              		.loc 1 56 3 view .LVU29
 130 0078 DFF86C90 		ldr	r9, .L3+12
 131 007c 2246     		mov	r2, r4
 132 007e 4FF48051 		mov	r1, #4096
 133 0082 4846     		mov	r0, r9
 134 0084 FFF7FEFF 		bl	HAL_GPIO_WritePin
 135              	.LVL1:
  57:Src/gpio.c    **** 
  58:Src/gpio.c    ****   /*Configure GPIO pin Output Level */
  59:Src/gpio.c    ****   HAL_GPIO_WritePin(LCD_RST_GPIO_Port, LCD_RST_Pin, GPIO_PIN_RESET);
 136              		.loc 1 59 3 view .LVU30
 137 0088 164E     		ldr	r6, .L3+8
 138 008a 2246     		mov	r2, r4
 139 008c 0221     		movs	r1, #2
 140 008e 3046     		mov	r0, r6
 141 0090 FFF7FEFF 		bl	HAL_GPIO_WritePin
 142              	.LVL2:
  60:Src/gpio.c    **** 
  61:Src/gpio.c    ****   /*Configure GPIO pins : PBPin PBPin PBPin */
  62:Src/gpio.c    ****   GPIO_InitStruct.Pin = GreenLED_Pin|BlueLED_Pin|RedLED_Pin;
 143              		.loc 1 62 3 view .LVU31
 144              		.loc 1 62 23 is_stmt 0 view .LVU32
 145 0094 2323     		movs	r3, #35
 146 0096 0693     		str	r3, [sp, #24]
  63:Src/gpio.c    ****   GPIO_InitStruct.Mode = GPIO_MODE_OUTPUT_PP;
 147              		.loc 1 63 3 is_stmt 1 view .LVU33
 148              		.loc 1 63 24 is_stmt 0 view .LVU34
 149 0098 0125     		movs	r5, #1
 150 009a 0795     		str	r5, [sp, #28]
  64:Src/gpio.c    ****   GPIO_InitStruct.Pull = GPIO_NOPULL;
 151              		.loc 1 64 3 is_stmt 1 view .LVU35
 152              		.loc 1 64 24 is_stmt 0 view .LVU36
 153 009c 0894     		str	r4, [sp, #32]
  65:Src/gpio.c    ****   GPIO_InitStruct.Speed = GPIO_SPEED_FREQ_LOW;
 154              		.loc 1 65 3 is_stmt 1 view .LVU37
 155              		.loc 1 65 25 is_stmt 0 view .LVU38
 156 009e 4FF00208 		mov	r8, #2
 157 00a2 CDF82480 		str	r8, [sp, #36]
  66:Src/gpio.c    ****   HAL_GPIO_Init(GPIOB, &GPIO_InitStruct);
 158              		.loc 1 66 3 is_stmt 1 view .LVU39
 159 00a6 06A9     		add	r1, sp, #24
 160 00a8 3846     		mov	r0, r7
 161 00aa FFF7FEFF 		bl	HAL_GPIO_Init
 162              	.LVL3:
  67:Src/gpio.c    **** 
ARM GAS  C:\Users\xxy\AppData\Local\Temp\ccb6yH0y.s 			page 5


  68:Src/gpio.c    ****   /*Configure GPIO pin : PtPin */
  69:Src/gpio.c    ****   GPIO_InitStruct.Pin = LCD_BL_Pin;
 163              		.loc 1 69 3 view .LVU40
 164              		.loc 1 69 23 is_stmt 0 view .LVU41
 165 00ae 4FF48053 		mov	r3, #4096
 166 00b2 0693     		str	r3, [sp, #24]
  70:Src/gpio.c    ****   GPIO_InitStruct.Mode = GPIO_MODE_OUTPUT_PP;
 167              		.loc 1 70 3 is_stmt 1 view .LVU42
 168              		.loc 1 70 24 is_stmt 0 view .LVU43
 169 00b4 0795     		str	r5, [sp, #28]
  71:Src/gpio.c    ****   GPIO_InitStruct.Pull = GPIO_NOPULL;
 170              		.loc 1 71 3 is_stmt 1 view .LVU44
 171              		.loc 1 71 24 is_stmt 0 view .LVU45
 172 00b6 0894     		str	r4, [sp, #32]
  72:Src/gpio.c    ****   GPIO_InitStruct.Speed = GPIO_SPEED_FREQ_HIGH;
 173              		.loc 1 72 3 is_stmt 1 view .LVU46
 174              		.loc 1 72 25 is_stmt 0 view .LVU47
 175 00b8 0327     		movs	r7, #3
 176 00ba 0997     		str	r7, [sp, #36]
  73:Src/gpio.c    ****   HAL_GPIO_Init(LCD_BL_GPIO_Port, &GPIO_InitStruct);
 177              		.loc 1 73 3 is_stmt 1 view .LVU48
 178 00bc 06A9     		add	r1, sp, #24
 179 00be 4846     		mov	r0, r9
 180 00c0 FFF7FEFF 		bl	HAL_GPIO_Init
 181              	.LVL4:
  74:Src/gpio.c    **** 
  75:Src/gpio.c    ****   /*Configure GPIO pin : PtPin */
  76:Src/gpio.c    ****   GPIO_InitStruct.Pin = LCD_RST_Pin;
 182              		.loc 1 76 3 view .LVU49
 183              		.loc 1 76 23 is_stmt 0 view .LVU50
 184 00c4 CDF81880 		str	r8, [sp, #24]
  77:Src/gpio.c    ****   GPIO_InitStruct.Mode = GPIO_MODE_OUTPUT_PP;
 185              		.loc 1 77 3 is_stmt 1 view .LVU51
 186              		.loc 1 77 24 is_stmt 0 view .LVU52
 187 00c8 0795     		str	r5, [sp, #28]
  78:Src/gpio.c    ****   GPIO_InitStruct.Pull = GPIO_NOPULL;
 188              		.loc 1 78 3 is_stmt 1 view .LVU53
 189              		.loc 1 78 24 is_stmt 0 view .LVU54
 190 00ca 0894     		str	r4, [sp, #32]
  79:Src/gpio.c    ****   GPIO_InitStruct.Speed = GPIO_SPEED_FREQ_HIGH;
 191              		.loc 1 79 3 is_stmt 1 view .LVU55
 192              		.loc 1 79 25 is_stmt 0 view .LVU56
 193 00cc 0997     		str	r7, [sp, #36]
  80:Src/gpio.c    ****   HAL_GPIO_Init(LCD_RST_GPIO_Port, &GPIO_InitStruct);
 194              		.loc 1 80 3 is_stmt 1 view .LVU57
 195 00ce 06A9     		add	r1, sp, #24
 196 00d0 3046     		mov	r0, r6
 197 00d2 FFF7FEFF 		bl	HAL_GPIO_Init
 198              	.LVL5:
  81:Src/gpio.c    **** 
  82:Src/gpio.c    **** }
 199              		.loc 1 82 1 is_stmt 0 view .LVU58
 200 00d6 0BB0     		add	sp, sp, #44
 201              	.LCFI2:
 202              		.cfi_def_cfa_offset 28
 203              		@ sp needed
 204 00d8 BDE8F083 		pop	{r4, r5, r6, r7, r8, r9, pc}
ARM GAS  C:\Users\xxy\AppData\Local\Temp\ccb6yH0y.s 			page 6


 205              	.L4:
 206              		.align	2
 207              	.L3:
 208 00dc 00100240 		.word	1073876992
 209 00e0 000C0140 		.word	1073810432
 210 00e4 00180140 		.word	1073813504
 211 00e8 00140140 		.word	1073812480
 212              		.cfi_endproc
 213              	.LFE73:
 215              		.text
 216              	.Letext0:
 217              		.file 2 "D:\\MinGW\\include/stdint.h"
 218              		.file 3 "Drivers/CMSIS/Include/core_cm3.h"
 219              		.file 4 "Drivers/CMSIS/Device/ST/STM32F1xx/Include/system_stm32f1xx.h"
 220              		.file 5 "Drivers/CMSIS/Device/ST/STM32F1xx/Include/stm32f103xe.h"
 221              		.file 6 "D:\\MinGW\\include/stdio.h"
 222              		.file 7 "Drivers/STM32F1xx_HAL_Driver/Inc/stm32f1xx_hal_gpio.h"
 223              		.file 8 "Drivers/STM32F1xx_HAL_Driver/Inc/stm32f1xx_hal.h"
ARM GAS  C:\Users\xxy\AppData\Local\Temp\ccb6yH0y.s 			page 7


DEFINED SYMBOLS
                            *ABS*:00000000 gpio.c
C:\Users\xxy\AppData\Local\Temp\ccb6yH0y.s:16     .text.MX_GPIO_Init:00000000 $t
C:\Users\xxy\AppData\Local\Temp\ccb6yH0y.s:24     .text.MX_GPIO_Init:00000000 MX_GPIO_Init
C:\Users\xxy\AppData\Local\Temp\ccb6yH0y.s:208    .text.MX_GPIO_Init:000000dc $d

UNDEFINED SYMBOLS
HAL_GPIO_WritePin
HAL_GPIO_Init
