ARM GAS  C:\Users\xxy\AppData\Local\Temp\cc5xsBdd.s 			page 1


   1              		.cpu cortex-m3
   2              		.eabi_attribute 20, 1
   3              		.eabi_attribute 21, 1
   4              		.eabi_attribute 23, 3
   5              		.eabi_attribute 24, 1
   6              		.eabi_attribute 25, 1
   7              		.eabi_attribute 26, 1
   8              		.eabi_attribute 30, 1
   9              		.eabi_attribute 34, 1
  10              		.eabi_attribute 18, 4
  11              		.file	"syscall.c"
  12              		.text
  13              	.Ltext0:
  14              		.cfi_sections	.debug_frame
  15              		.section	.text.ff_cre_syncobj,"ax",%progbits
  16              		.align	1
  17              		.global	ff_cre_syncobj
  18              		.arch armv7-m
  19              		.syntax unified
  20              		.thumb
  21              		.thumb_func
  22              		.fpu softvfp
  24              	ff_cre_syncobj:
  25              	.LVL0:
  26              	.LFB84:
  27              		.file 1 "Middlewares/Third_Party/FatFs/src/option/syscall.c"
   1:Middlewares/Third_Party/FatFs/src/option/syscall.c **** /*------------------------------------------------------------------------*/
   2:Middlewares/Third_Party/FatFs/src/option/syscall.c **** /* Sample code of OS dependent controls for FatFs                         */
   3:Middlewares/Third_Party/FatFs/src/option/syscall.c **** /* (C)ChaN, 2014                                                          */
   4:Middlewares/Third_Party/FatFs/src/option/syscall.c **** /*------------------------------------------------------------------------*/
   5:Middlewares/Third_Party/FatFs/src/option/syscall.c **** 
   6:Middlewares/Third_Party/FatFs/src/option/syscall.c **** #include <stdlib.h>		/* ANSI memory controls */
   7:Middlewares/Third_Party/FatFs/src/option/syscall.c **** #include "../ff.h"
   8:Middlewares/Third_Party/FatFs/src/option/syscall.c **** 
   9:Middlewares/Third_Party/FatFs/src/option/syscall.c **** #if _FS_REENTRANT
  10:Middlewares/Third_Party/FatFs/src/option/syscall.c **** /*-----------------------------------------------------------------------
  11:Middlewares/Third_Party/FatFs/src/option/syscall.c ****  Create a Synchronization Object
  12:Middlewares/Third_Party/FatFs/src/option/syscall.c **** ------------------------------------------------------------------------
  13:Middlewares/Third_Party/FatFs/src/option/syscall.c ****  This function is called in f_mount function to create a new
  14:Middlewares/Third_Party/FatFs/src/option/syscall.c ****  synchronization object, such as semaphore and mutex. When a zero is
  15:Middlewares/Third_Party/FatFs/src/option/syscall.c ****  returned, the f_mount function fails with FR_INT_ERR.
  16:Middlewares/Third_Party/FatFs/src/option/syscall.c **** */
  17:Middlewares/Third_Party/FatFs/src/option/syscall.c **** 
  18:Middlewares/Third_Party/FatFs/src/option/syscall.c **** int ff_cre_syncobj (	/* TRUE:Function succeeded, FALSE:Could not create due to any error */
  19:Middlewares/Third_Party/FatFs/src/option/syscall.c **** 	BYTE vol,			/* Corresponding logical drive being processed */
  20:Middlewares/Third_Party/FatFs/src/option/syscall.c **** 	_SYNC_t *sobj		/* Pointer to return the created sync object */
  21:Middlewares/Third_Party/FatFs/src/option/syscall.c **** )
  22:Middlewares/Third_Party/FatFs/src/option/syscall.c **** {
  28              		.loc 1 22 1 view -0
  29              		.cfi_startproc
  30              		@ args = 0, pretend = 0, frame = 8
  31              		@ frame_needed = 0, uses_anonymous_args = 0
  32              		.loc 1 22 1 is_stmt 0 view .LVU1
  33 0000 10B5     		push	{r4, lr}
  34              	.LCFI0:
  35              		.cfi_def_cfa_offset 8
  36              		.cfi_offset 4, -8
ARM GAS  C:\Users\xxy\AppData\Local\Temp\cc5xsBdd.s 			page 2


  37              		.cfi_offset 14, -4
  38 0002 82B0     		sub	sp, sp, #8
  39              	.LCFI1:
  40              		.cfi_def_cfa_offset 16
  41 0004 0C46     		mov	r4, r1
  23:Middlewares/Third_Party/FatFs/src/option/syscall.c ****   int ret;
  42              		.loc 1 23 3 is_stmt 1 view .LVU2
  24:Middlewares/Third_Party/FatFs/src/option/syscall.c ****   
  25:Middlewares/Third_Party/FatFs/src/option/syscall.c ****   osSemaphoreDef(SEM);
  43              		.loc 1 25 3 view .LVU3
  44 0006 0023     		movs	r3, #0
  45 0008 0193     		str	r3, [sp, #4]
  26:Middlewares/Third_Party/FatFs/src/option/syscall.c ****   *sobj = osSemaphoreCreate(osSemaphore(SEM), 1);		
  46              		.loc 1 26 3 view .LVU4
  47              		.loc 1 26 11 is_stmt 0 view .LVU5
  48 000a 0121     		movs	r1, #1
  49              	.LVL1:
  50              		.loc 1 26 11 view .LVU6
  51 000c 01A8     		add	r0, sp, #4
  52              	.LVL2:
  53              		.loc 1 26 11 view .LVU7
  54 000e FFF7FEFF 		bl	osSemaphoreCreate
  55              	.LVL3:
  56              		.loc 1 26 9 view .LVU8
  57 0012 2060     		str	r0, [r4]
  27:Middlewares/Third_Party/FatFs/src/option/syscall.c ****   ret = (*sobj != NULL);
  58              		.loc 1 27 3 is_stmt 1 view .LVU9
  59              	.LVL4:
  28:Middlewares/Third_Party/FatFs/src/option/syscall.c ****   
  29:Middlewares/Third_Party/FatFs/src/option/syscall.c ****   return ret;
  60              		.loc 1 29 3 view .LVU10
  30:Middlewares/Third_Party/FatFs/src/option/syscall.c **** }
  61              		.loc 1 30 1 is_stmt 0 view .LVU11
  62 0014 0030     		adds	r0, r0, #0
  63              	.LVL5:
  64              		.loc 1 30 1 view .LVU12
  65 0016 18BF     		it	ne
  66 0018 0120     		movne	r0, #1
  67 001a 02B0     		add	sp, sp, #8
  68              	.LCFI2:
  69              		.cfi_def_cfa_offset 8
  70              		@ sp needed
  71 001c 10BD     		pop	{r4, pc}
  72              		.loc 1 30 1 view .LVU13
  73              		.cfi_endproc
  74              	.LFE84:
  76              		.section	.text.ff_del_syncobj,"ax",%progbits
  77              		.align	1
  78              		.global	ff_del_syncobj
  79              		.syntax unified
  80              		.thumb
  81              		.thumb_func
  82              		.fpu softvfp
  84              	ff_del_syncobj:
  85              	.LVL6:
  86              	.LFB85:
  31:Middlewares/Third_Party/FatFs/src/option/syscall.c **** 
ARM GAS  C:\Users\xxy\AppData\Local\Temp\cc5xsBdd.s 			page 3


  32:Middlewares/Third_Party/FatFs/src/option/syscall.c **** 
  33:Middlewares/Third_Party/FatFs/src/option/syscall.c **** 
  34:Middlewares/Third_Party/FatFs/src/option/syscall.c **** /*------------------------------------------------------------------------*/
  35:Middlewares/Third_Party/FatFs/src/option/syscall.c **** /* Delete a Synchronization Object                                        */
  36:Middlewares/Third_Party/FatFs/src/option/syscall.c **** /*------------------------------------------------------------------------*/
  37:Middlewares/Third_Party/FatFs/src/option/syscall.c **** /* This function is called in f_mount function to delete a synchronization
  38:Middlewares/Third_Party/FatFs/src/option/syscall.c **** /  object that created with ff_cre_syncobj function. When a zero is
  39:Middlewares/Third_Party/FatFs/src/option/syscall.c **** /  returned, the f_mount function fails with FR_INT_ERR.
  40:Middlewares/Third_Party/FatFs/src/option/syscall.c **** */
  41:Middlewares/Third_Party/FatFs/src/option/syscall.c **** 
  42:Middlewares/Third_Party/FatFs/src/option/syscall.c **** int ff_del_syncobj (	/* TRUE:Function succeeded, FALSE:Could not delete due to any error */
  43:Middlewares/Third_Party/FatFs/src/option/syscall.c **** 	_SYNC_t sobj		/* Sync object tied to the logical drive to be deleted */
  44:Middlewares/Third_Party/FatFs/src/option/syscall.c **** )
  45:Middlewares/Third_Party/FatFs/src/option/syscall.c **** {
  87              		.loc 1 45 1 is_stmt 1 view -0
  88              		.cfi_startproc
  89              		@ args = 0, pretend = 0, frame = 0
  90              		@ frame_needed = 0, uses_anonymous_args = 0
  91              		.loc 1 45 1 is_stmt 0 view .LVU15
  92 0000 08B5     		push	{r3, lr}
  93              	.LCFI3:
  94              		.cfi_def_cfa_offset 8
  95              		.cfi_offset 3, -8
  96              		.cfi_offset 14, -4
  46:Middlewares/Third_Party/FatFs/src/option/syscall.c ****   osSemaphoreDelete (sobj);
  97              		.loc 1 46 3 is_stmt 1 view .LVU16
  98 0002 FFF7FEFF 		bl	osSemaphoreDelete
  99              	.LVL7:
  47:Middlewares/Third_Party/FatFs/src/option/syscall.c ****   return 1;
 100              		.loc 1 47 3 view .LVU17
  48:Middlewares/Third_Party/FatFs/src/option/syscall.c **** }
 101              		.loc 1 48 1 is_stmt 0 view .LVU18
 102 0006 0120     		movs	r0, #1
 103 0008 08BD     		pop	{r3, pc}
 104              		.cfi_endproc
 105              	.LFE85:
 107              		.section	.text.ff_req_grant,"ax",%progbits
 108              		.align	1
 109              		.global	ff_req_grant
 110              		.syntax unified
 111              		.thumb
 112              		.thumb_func
 113              		.fpu softvfp
 115              	ff_req_grant:
 116              	.LVL8:
 117              	.LFB86:
  49:Middlewares/Third_Party/FatFs/src/option/syscall.c **** 
  50:Middlewares/Third_Party/FatFs/src/option/syscall.c **** 
  51:Middlewares/Third_Party/FatFs/src/option/syscall.c **** 
  52:Middlewares/Third_Party/FatFs/src/option/syscall.c **** /*------------------------------------------------------------------------*/
  53:Middlewares/Third_Party/FatFs/src/option/syscall.c **** /* Request Grant to Access the Volume                                     */
  54:Middlewares/Third_Party/FatFs/src/option/syscall.c **** /*------------------------------------------------------------------------*/
  55:Middlewares/Third_Party/FatFs/src/option/syscall.c **** /* This function is called on entering file functions to lock the volume.
  56:Middlewares/Third_Party/FatFs/src/option/syscall.c **** /  When a zero is returned, the file function fails with FR_TIMEOUT.
  57:Middlewares/Third_Party/FatFs/src/option/syscall.c **** */
  58:Middlewares/Third_Party/FatFs/src/option/syscall.c **** 
  59:Middlewares/Third_Party/FatFs/src/option/syscall.c **** int ff_req_grant (	/* TRUE:Got a grant to access the volume, FALSE:Could not get a grant */
ARM GAS  C:\Users\xxy\AppData\Local\Temp\cc5xsBdd.s 			page 4


  60:Middlewares/Third_Party/FatFs/src/option/syscall.c **** 	_SYNC_t sobj	/* Sync object to wait */
  61:Middlewares/Third_Party/FatFs/src/option/syscall.c **** )
  62:Middlewares/Third_Party/FatFs/src/option/syscall.c **** {
 118              		.loc 1 62 1 is_stmt 1 view -0
 119              		.cfi_startproc
 120              		@ args = 0, pretend = 0, frame = 0
 121              		@ frame_needed = 0, uses_anonymous_args = 0
 122              		.loc 1 62 1 is_stmt 0 view .LVU20
 123 0000 08B5     		push	{r3, lr}
 124              	.LCFI4:
 125              		.cfi_def_cfa_offset 8
 126              		.cfi_offset 3, -8
 127              		.cfi_offset 14, -4
  63:Middlewares/Third_Party/FatFs/src/option/syscall.c ****   int ret = 0;
 128              		.loc 1 63 3 is_stmt 1 view .LVU21
 129              	.LVL9:
  64:Middlewares/Third_Party/FatFs/src/option/syscall.c ****   
  65:Middlewares/Third_Party/FatFs/src/option/syscall.c ****   if(osSemaphoreWait(sobj, _FS_TIMEOUT) == osOK)
 130              		.loc 1 65 3 view .LVU22
 131              		.loc 1 65 6 is_stmt 0 view .LVU23
 132 0002 4FF47A71 		mov	r1, #1000
 133 0006 FFF7FEFF 		bl	osSemaphoreWait
 134              	.LVL10:
 135              		.loc 1 65 5 view .LVU24
 136 000a 08B1     		cbz	r0, .L7
  63:Middlewares/Third_Party/FatFs/src/option/syscall.c ****   int ret = 0;
 137              		.loc 1 63 7 view .LVU25
 138 000c 0020     		movs	r0, #0
 139              	.LVL11:
 140              	.L5:
  66:Middlewares/Third_Party/FatFs/src/option/syscall.c ****   {
  67:Middlewares/Third_Party/FatFs/src/option/syscall.c ****     ret = 1;
  68:Middlewares/Third_Party/FatFs/src/option/syscall.c ****   }
  69:Middlewares/Third_Party/FatFs/src/option/syscall.c ****   
  70:Middlewares/Third_Party/FatFs/src/option/syscall.c ****   return ret;
  71:Middlewares/Third_Party/FatFs/src/option/syscall.c **** }
 141              		.loc 1 71 1 view .LVU26
 142 000e 08BD     		pop	{r3, pc}
 143              	.LVL12:
 144              	.L7:
  67:Middlewares/Third_Party/FatFs/src/option/syscall.c ****   }
 145              		.loc 1 67 9 view .LVU27
 146 0010 0120     		movs	r0, #1
 147              	.LVL13:
  70:Middlewares/Third_Party/FatFs/src/option/syscall.c **** }
 148              		.loc 1 70 3 is_stmt 1 view .LVU28
  70:Middlewares/Third_Party/FatFs/src/option/syscall.c **** }
 149              		.loc 1 70 10 is_stmt 0 view .LVU29
 150 0012 FCE7     		b	.L5
 151              		.cfi_endproc
 152              	.LFE86:
 154              		.section	.text.ff_rel_grant,"ax",%progbits
 155              		.align	1
 156              		.global	ff_rel_grant
 157              		.syntax unified
 158              		.thumb
 159              		.thumb_func
ARM GAS  C:\Users\xxy\AppData\Local\Temp\cc5xsBdd.s 			page 5


 160              		.fpu softvfp
 162              	ff_rel_grant:
 163              	.LVL14:
 164              	.LFB87:
  72:Middlewares/Third_Party/FatFs/src/option/syscall.c **** 
  73:Middlewares/Third_Party/FatFs/src/option/syscall.c **** 
  74:Middlewares/Third_Party/FatFs/src/option/syscall.c **** 
  75:Middlewares/Third_Party/FatFs/src/option/syscall.c **** /*------------------------------------------------------------------------*/
  76:Middlewares/Third_Party/FatFs/src/option/syscall.c **** /* Release Grant to Access the Volume                                     */
  77:Middlewares/Third_Party/FatFs/src/option/syscall.c **** /*------------------------------------------------------------------------*/
  78:Middlewares/Third_Party/FatFs/src/option/syscall.c **** /* This function is called on leaving file functions to unlock the volume.
  79:Middlewares/Third_Party/FatFs/src/option/syscall.c **** */
  80:Middlewares/Third_Party/FatFs/src/option/syscall.c **** 
  81:Middlewares/Third_Party/FatFs/src/option/syscall.c **** void ff_rel_grant (
  82:Middlewares/Third_Party/FatFs/src/option/syscall.c **** 	_SYNC_t sobj	/* Sync object to be signaled */
  83:Middlewares/Third_Party/FatFs/src/option/syscall.c **** )
  84:Middlewares/Third_Party/FatFs/src/option/syscall.c **** {
 165              		.loc 1 84 1 is_stmt 1 view -0
 166              		.cfi_startproc
 167              		@ args = 0, pretend = 0, frame = 0
 168              		@ frame_needed = 0, uses_anonymous_args = 0
 169              		.loc 1 84 1 is_stmt 0 view .LVU31
 170 0000 08B5     		push	{r3, lr}
 171              	.LCFI5:
 172              		.cfi_def_cfa_offset 8
 173              		.cfi_offset 3, -8
 174              		.cfi_offset 14, -4
  85:Middlewares/Third_Party/FatFs/src/option/syscall.c ****   osSemaphoreRelease(sobj);
 175              		.loc 1 85 3 is_stmt 1 view .LVU32
 176 0002 FFF7FEFF 		bl	osSemaphoreRelease
 177              	.LVL15:
  86:Middlewares/Third_Party/FatFs/src/option/syscall.c **** }
 178              		.loc 1 86 1 is_stmt 0 view .LVU33
 179 0006 08BD     		pop	{r3, pc}
 180              		.cfi_endproc
 181              	.LFE87:
 183              		.text
 184              	.Letext0:
 185              		.file 2 "D:\\MinGW\\include/stdlib.h"
 186              		.file 3 "Middlewares/Third_Party/FatFs/src/option/../integer.h"
 187              		.file 4 "D:\\MinGW\\include/stdint.h"
 188              		.file 5 "Drivers/CMSIS/Include/core_cm3.h"
 189              		.file 6 "Drivers/CMSIS/Device/ST/STM32F1xx/Include/system_stm32f1xx.h"
 190              		.file 7 "D:\\MinGW\\include/stdio.h"
 191              		.file 8 "Drivers/STM32F1xx_HAL_Driver/Inc/stm32f1xx_hal.h"
 192              		.file 9 "Middlewares/Third_Party/FreeRTOS/Source/include/queue.h"
 193              		.file 10 "Middlewares/Third_Party/FreeRTOS/Source/include/semphr.h"
 194              		.file 11 "Middlewares/Third_Party/FreeRTOS/Source/CMSIS_RTOS/cmsis_os.h"
ARM GAS  C:\Users\xxy\AppData\Local\Temp\cc5xsBdd.s 			page 6


DEFINED SYMBOLS
                            *ABS*:00000000 syscall.c
C:\Users\xxy\AppData\Local\Temp\cc5xsBdd.s:16     .text.ff_cre_syncobj:00000000 $t
C:\Users\xxy\AppData\Local\Temp\cc5xsBdd.s:24     .text.ff_cre_syncobj:00000000 ff_cre_syncobj
C:\Users\xxy\AppData\Local\Temp\cc5xsBdd.s:77     .text.ff_del_syncobj:00000000 $t
C:\Users\xxy\AppData\Local\Temp\cc5xsBdd.s:84     .text.ff_del_syncobj:00000000 ff_del_syncobj
C:\Users\xxy\AppData\Local\Temp\cc5xsBdd.s:108    .text.ff_req_grant:00000000 $t
C:\Users\xxy\AppData\Local\Temp\cc5xsBdd.s:115    .text.ff_req_grant:00000000 ff_req_grant
C:\Users\xxy\AppData\Local\Temp\cc5xsBdd.s:155    .text.ff_rel_grant:00000000 $t
C:\Users\xxy\AppData\Local\Temp\cc5xsBdd.s:162    .text.ff_rel_grant:00000000 ff_rel_grant

UNDEFINED SYMBOLS
osSemaphoreCreate
osSemaphoreDelete
osSemaphoreWait
osSemaphoreRelease
