ARM GAS  C:\Users\xxy\AppData\Local\Temp\ccd1mUTU.s 			page 1


   1              		.cpu cortex-m3
   2              		.eabi_attribute 20, 1
   3              		.eabi_attribute 21, 1
   4              		.eabi_attribute 23, 3
   5              		.eabi_attribute 24, 1
   6              		.eabi_attribute 25, 1
   7              		.eabi_attribute 26, 1
   8              		.eabi_attribute 30, 1
   9              		.eabi_attribute 34, 1
  10              		.eabi_attribute 18, 4
  11              		.file	"user_diskio.c"
  12              		.text
  13              	.Ltext0:
  14              		.cfi_sections	.debug_frame
  15              		.section	.text.USER_initialize,"ax",%progbits
  16              		.align	1
  17              		.global	USER_initialize
  18              		.arch armv7-m
  19              		.syntax unified
  20              		.thumb
  21              		.thumb_func
  22              		.fpu softvfp
  24              	USER_initialize:
  25              	.LVL0:
  26              	.LFB84:
  27              		.file 1 "Src/user_diskio.c"
   1:Src/user_diskio.c **** /* USER CODE BEGIN Header */
   2:Src/user_diskio.c **** /**
   3:Src/user_diskio.c ****  ******************************************************************************
   4:Src/user_diskio.c ****   * @file    user_diskio.c
   5:Src/user_diskio.c ****   * @brief   This file includes a diskio driver skeleton to be completed by the user.
   6:Src/user_diskio.c ****   ******************************************************************************
   7:Src/user_diskio.c ****   * @attention
   8:Src/user_diskio.c ****   *
   9:Src/user_diskio.c ****   * <h2><center>&copy; Copyright (c) 2019 STMicroelectronics.
  10:Src/user_diskio.c ****   * All rights reserved.</center></h2>
  11:Src/user_diskio.c ****   *
  12:Src/user_diskio.c ****   * This software component is licensed by ST under Ultimate Liberty license
  13:Src/user_diskio.c ****   * SLA0044, the "License"; You may not use this file except in compliance with
  14:Src/user_diskio.c ****   * the License. You may obtain a copy of the License at:
  15:Src/user_diskio.c ****   *                             www.st.com/SLA0044
  16:Src/user_diskio.c ****   *
  17:Src/user_diskio.c ****   ******************************************************************************
  18:Src/user_diskio.c ****   */
  19:Src/user_diskio.c ****  /* USER CODE END Header */
  20:Src/user_diskio.c **** 
  21:Src/user_diskio.c **** #ifdef USE_OBSOLETE_USER_CODE_SECTION_0
  22:Src/user_diskio.c **** /* 
  23:Src/user_diskio.c ****  * Warning: the user section 0 is no more in use (starting from CubeMx version 4.16.0)
  24:Src/user_diskio.c ****  * To be suppressed in the future. 
  25:Src/user_diskio.c ****  * Kept to ensure backward compatibility with previous CubeMx versions when 
  26:Src/user_diskio.c ****  * migrating projects. 
  27:Src/user_diskio.c ****  * User code previously added there should be copied in the new user sections before 
  28:Src/user_diskio.c ****  * the section contents can be deleted.
  29:Src/user_diskio.c ****  */
  30:Src/user_diskio.c **** /* USER CODE BEGIN 0 */
  31:Src/user_diskio.c **** /* USER CODE END 0 */
ARM GAS  C:\Users\xxy\AppData\Local\Temp\ccd1mUTU.s 			page 2


  32:Src/user_diskio.c **** #endif
  33:Src/user_diskio.c **** 
  34:Src/user_diskio.c **** /* USER CODE BEGIN DECL */
  35:Src/user_diskio.c **** 
  36:Src/user_diskio.c **** /* Includes ------------------------------------------------------------------*/
  37:Src/user_diskio.c **** #include <string.h>
  38:Src/user_diskio.c **** #include "ff_gen_drv.h"
  39:Src/user_diskio.c **** 
  40:Src/user_diskio.c **** /* Private typedef -----------------------------------------------------------*/
  41:Src/user_diskio.c **** /* Private define ------------------------------------------------------------*/
  42:Src/user_diskio.c **** 
  43:Src/user_diskio.c **** /* Private variables ---------------------------------------------------------*/
  44:Src/user_diskio.c **** /* Disk status */
  45:Src/user_diskio.c **** static volatile DSTATUS Stat = STA_NOINIT;
  46:Src/user_diskio.c **** 
  47:Src/user_diskio.c **** /* USER CODE END DECL */
  48:Src/user_diskio.c **** 
  49:Src/user_diskio.c **** /* Private function prototypes -----------------------------------------------*/
  50:Src/user_diskio.c **** DSTATUS USER_initialize (BYTE pdrv);
  51:Src/user_diskio.c **** DSTATUS USER_status (BYTE pdrv);
  52:Src/user_diskio.c **** DRESULT USER_read (BYTE pdrv, BYTE *buff, DWORD sector, UINT count);
  53:Src/user_diskio.c **** #if _USE_WRITE == 1
  54:Src/user_diskio.c ****   DRESULT USER_write (BYTE pdrv, const BYTE *buff, DWORD sector, UINT count);  
  55:Src/user_diskio.c **** #endif /* _USE_WRITE == 1 */
  56:Src/user_diskio.c **** #if _USE_IOCTL == 1
  57:Src/user_diskio.c ****   DRESULT USER_ioctl (BYTE pdrv, BYTE cmd, void *buff);
  58:Src/user_diskio.c **** #endif /* _USE_IOCTL == 1 */
  59:Src/user_diskio.c **** 
  60:Src/user_diskio.c **** Diskio_drvTypeDef  USER_Driver =
  61:Src/user_diskio.c **** {
  62:Src/user_diskio.c ****   USER_initialize,
  63:Src/user_diskio.c ****   USER_status,
  64:Src/user_diskio.c ****   USER_read, 
  65:Src/user_diskio.c **** #if  _USE_WRITE
  66:Src/user_diskio.c ****   USER_write,
  67:Src/user_diskio.c **** #endif  /* _USE_WRITE == 1 */  
  68:Src/user_diskio.c **** #if  _USE_IOCTL == 1
  69:Src/user_diskio.c ****   USER_ioctl,
  70:Src/user_diskio.c **** #endif /* _USE_IOCTL == 1 */
  71:Src/user_diskio.c **** };
  72:Src/user_diskio.c **** 
  73:Src/user_diskio.c **** /* Private functions ---------------------------------------------------------*/
  74:Src/user_diskio.c **** 
  75:Src/user_diskio.c **** /**
  76:Src/user_diskio.c ****   * @brief  Initializes a Drive
  77:Src/user_diskio.c ****   * @param  pdrv: Physical drive number (0..)
  78:Src/user_diskio.c ****   * @retval DSTATUS: Operation status
  79:Src/user_diskio.c ****   */
  80:Src/user_diskio.c **** DSTATUS USER_initialize (
  81:Src/user_diskio.c **** 	BYTE pdrv           /* Physical drive nmuber to identify the drive */
  82:Src/user_diskio.c **** )
  83:Src/user_diskio.c **** {
  28              		.loc 1 83 1 view -0
  29              		.cfi_startproc
  30              		@ args = 0, pretend = 0, frame = 0
  31              		@ frame_needed = 0, uses_anonymous_args = 0
  32              		@ link register save eliminated.
ARM GAS  C:\Users\xxy\AppData\Local\Temp\ccd1mUTU.s 			page 3


  84:Src/user_diskio.c ****   /* USER CODE BEGIN INIT */
  85:Src/user_diskio.c ****     Stat = STA_NOINIT;
  33              		.loc 1 85 5 view .LVU1
  34              		.loc 1 85 10 is_stmt 0 view .LVU2
  35 0000 024B     		ldr	r3, .L2
  36 0002 0122     		movs	r2, #1
  37 0004 1A70     		strb	r2, [r3]
  86:Src/user_diskio.c ****     return Stat;
  38              		.loc 1 86 5 is_stmt 1 view .LVU3
  39              		.loc 1 86 12 is_stmt 0 view .LVU4
  40 0006 1878     		ldrb	r0, [r3]	@ zero_extendqisi2
  41              	.LVL1:
  87:Src/user_diskio.c ****   /* USER CODE END INIT */
  88:Src/user_diskio.c **** }
  42              		.loc 1 88 1 view .LVU5
  43 0008 7047     		bx	lr
  44              	.L3:
  45 000a 00BF     		.align	2
  46              	.L2:
  47 000c 00000000 		.word	.LANCHOR0
  48              		.cfi_endproc
  49              	.LFE84:
  51              		.section	.text.USER_status,"ax",%progbits
  52              		.align	1
  53              		.global	USER_status
  54              		.syntax unified
  55              		.thumb
  56              		.thumb_func
  57              		.fpu softvfp
  59              	USER_status:
  60              	.LVL2:
  61              	.LFB85:
  89:Src/user_diskio.c ****  
  90:Src/user_diskio.c **** /**
  91:Src/user_diskio.c ****   * @brief  Gets Disk Status 
  92:Src/user_diskio.c ****   * @param  pdrv: Physical drive number (0..)
  93:Src/user_diskio.c ****   * @retval DSTATUS: Operation status
  94:Src/user_diskio.c ****   */
  95:Src/user_diskio.c **** DSTATUS USER_status (
  96:Src/user_diskio.c **** 	BYTE pdrv       /* Physical drive number to identify the drive */
  97:Src/user_diskio.c **** )
  98:Src/user_diskio.c **** {
  62              		.loc 1 98 1 is_stmt 1 view -0
  63              		.cfi_startproc
  64              		@ args = 0, pretend = 0, frame = 0
  65              		@ frame_needed = 0, uses_anonymous_args = 0
  66              		@ link register save eliminated.
  99:Src/user_diskio.c ****   /* USER CODE BEGIN STATUS */
 100:Src/user_diskio.c ****     Stat = STA_NOINIT;
  67              		.loc 1 100 5 view .LVU7
  68              		.loc 1 100 10 is_stmt 0 view .LVU8
  69 0000 024B     		ldr	r3, .L5
  70 0002 0122     		movs	r2, #1
  71 0004 1A70     		strb	r2, [r3]
 101:Src/user_diskio.c ****     return Stat;
  72              		.loc 1 101 5 is_stmt 1 view .LVU9
  73              		.loc 1 101 12 is_stmt 0 view .LVU10
ARM GAS  C:\Users\xxy\AppData\Local\Temp\ccd1mUTU.s 			page 4


  74 0006 1878     		ldrb	r0, [r3]	@ zero_extendqisi2
  75              	.LVL3:
 102:Src/user_diskio.c ****   /* USER CODE END STATUS */
 103:Src/user_diskio.c **** }
  76              		.loc 1 103 1 view .LVU11
  77 0008 7047     		bx	lr
  78              	.L6:
  79 000a 00BF     		.align	2
  80              	.L5:
  81 000c 00000000 		.word	.LANCHOR0
  82              		.cfi_endproc
  83              	.LFE85:
  85              		.section	.text.USER_read,"ax",%progbits
  86              		.align	1
  87              		.global	USER_read
  88              		.syntax unified
  89              		.thumb
  90              		.thumb_func
  91              		.fpu softvfp
  93              	USER_read:
  94              	.LVL4:
  95              	.LFB86:
 104:Src/user_diskio.c **** 
 105:Src/user_diskio.c **** /**
 106:Src/user_diskio.c ****   * @brief  Reads Sector(s) 
 107:Src/user_diskio.c ****   * @param  pdrv: Physical drive number (0..)
 108:Src/user_diskio.c ****   * @param  *buff: Data buffer to store read data
 109:Src/user_diskio.c ****   * @param  sector: Sector address (LBA)
 110:Src/user_diskio.c ****   * @param  count: Number of sectors to read (1..128)
 111:Src/user_diskio.c ****   * @retval DRESULT: Operation result
 112:Src/user_diskio.c ****   */
 113:Src/user_diskio.c **** DRESULT USER_read (
 114:Src/user_diskio.c **** 	BYTE pdrv,      /* Physical drive nmuber to identify the drive */
 115:Src/user_diskio.c **** 	BYTE *buff,     /* Data buffer to store read data */
 116:Src/user_diskio.c **** 	DWORD sector,   /* Sector address in LBA */
 117:Src/user_diskio.c **** 	UINT count      /* Number of sectors to read */
 118:Src/user_diskio.c **** )
 119:Src/user_diskio.c **** {
  96              		.loc 1 119 1 is_stmt 1 view -0
  97              		.cfi_startproc
  98              		@ args = 0, pretend = 0, frame = 0
  99              		@ frame_needed = 0, uses_anonymous_args = 0
 100              		@ link register save eliminated.
 120:Src/user_diskio.c ****   /* USER CODE BEGIN READ */
 121:Src/user_diskio.c ****     return RES_OK;
 101              		.loc 1 121 5 view .LVU13
 122:Src/user_diskio.c ****   /* USER CODE END READ */
 123:Src/user_diskio.c **** }
 102              		.loc 1 123 1 is_stmt 0 view .LVU14
 103 0000 0020     		movs	r0, #0
 104              	.LVL5:
 105              		.loc 1 123 1 view .LVU15
 106 0002 7047     		bx	lr
 107              		.cfi_endproc
 108              	.LFE86:
 110              		.section	.text.USER_write,"ax",%progbits
 111              		.align	1
ARM GAS  C:\Users\xxy\AppData\Local\Temp\ccd1mUTU.s 			page 5


 112              		.global	USER_write
 113              		.syntax unified
 114              		.thumb
 115              		.thumb_func
 116              		.fpu softvfp
 118              	USER_write:
 119              	.LVL6:
 120              	.LFB87:
 124:Src/user_diskio.c **** 
 125:Src/user_diskio.c **** /**
 126:Src/user_diskio.c ****   * @brief  Writes Sector(s)  
 127:Src/user_diskio.c ****   * @param  pdrv: Physical drive number (0..)
 128:Src/user_diskio.c ****   * @param  *buff: Data to be written
 129:Src/user_diskio.c ****   * @param  sector: Sector address (LBA)
 130:Src/user_diskio.c ****   * @param  count: Number of sectors to write (1..128)
 131:Src/user_diskio.c ****   * @retval DRESULT: Operation result
 132:Src/user_diskio.c ****   */
 133:Src/user_diskio.c **** #if _USE_WRITE == 1
 134:Src/user_diskio.c **** DRESULT USER_write (
 135:Src/user_diskio.c **** 	BYTE pdrv,          /* Physical drive nmuber to identify the drive */
 136:Src/user_diskio.c **** 	const BYTE *buff,   /* Data to be written */
 137:Src/user_diskio.c **** 	DWORD sector,       /* Sector address in LBA */
 138:Src/user_diskio.c **** 	UINT count          /* Number of sectors to write */
 139:Src/user_diskio.c **** )
 140:Src/user_diskio.c **** { 
 121              		.loc 1 140 1 is_stmt 1 view -0
 122              		.cfi_startproc
 123              		@ args = 0, pretend = 0, frame = 0
 124              		@ frame_needed = 0, uses_anonymous_args = 0
 125              		@ link register save eliminated.
 141:Src/user_diskio.c ****   /* USER CODE BEGIN WRITE */
 142:Src/user_diskio.c ****   /* USER CODE HERE */
 143:Src/user_diskio.c ****     return RES_OK;
 126              		.loc 1 143 5 view .LVU17
 144:Src/user_diskio.c ****   /* USER CODE END WRITE */
 145:Src/user_diskio.c **** }
 127              		.loc 1 145 1 is_stmt 0 view .LVU18
 128 0000 0020     		movs	r0, #0
 129              	.LVL7:
 130              		.loc 1 145 1 view .LVU19
 131 0002 7047     		bx	lr
 132              		.cfi_endproc
 133              	.LFE87:
 135              		.section	.text.USER_ioctl,"ax",%progbits
 136              		.align	1
 137              		.global	USER_ioctl
 138              		.syntax unified
 139              		.thumb
 140              		.thumb_func
 141              		.fpu softvfp
 143              	USER_ioctl:
 144              	.LVL8:
 145              	.LFB88:
 146:Src/user_diskio.c **** #endif /* _USE_WRITE == 1 */
 147:Src/user_diskio.c **** 
 148:Src/user_diskio.c **** /**
 149:Src/user_diskio.c ****   * @brief  I/O control operation  
ARM GAS  C:\Users\xxy\AppData\Local\Temp\ccd1mUTU.s 			page 6


 150:Src/user_diskio.c ****   * @param  pdrv: Physical drive number (0..)
 151:Src/user_diskio.c ****   * @param  cmd: Control code
 152:Src/user_diskio.c ****   * @param  *buff: Buffer to send/receive control data
 153:Src/user_diskio.c ****   * @retval DRESULT: Operation result
 154:Src/user_diskio.c ****   */
 155:Src/user_diskio.c **** #if _USE_IOCTL == 1
 156:Src/user_diskio.c **** DRESULT USER_ioctl (
 157:Src/user_diskio.c **** 	BYTE pdrv,      /* Physical drive nmuber (0..) */
 158:Src/user_diskio.c **** 	BYTE cmd,       /* Control code */
 159:Src/user_diskio.c **** 	void *buff      /* Buffer to send/receive control data */
 160:Src/user_diskio.c **** )
 161:Src/user_diskio.c **** {
 146              		.loc 1 161 1 is_stmt 1 view -0
 147              		.cfi_startproc
 148              		@ args = 0, pretend = 0, frame = 0
 149              		@ frame_needed = 0, uses_anonymous_args = 0
 150              		@ link register save eliminated.
 162:Src/user_diskio.c ****   /* USER CODE BEGIN IOCTL */
 163:Src/user_diskio.c ****     DRESULT res = RES_ERROR;
 151              		.loc 1 163 5 view .LVU21
 164:Src/user_diskio.c ****     return res;
 152              		.loc 1 164 5 view .LVU22
 165:Src/user_diskio.c ****   /* USER CODE END IOCTL */
 166:Src/user_diskio.c **** }
 153              		.loc 1 166 1 is_stmt 0 view .LVU23
 154 0000 0120     		movs	r0, #1
 155              	.LVL9:
 156              		.loc 1 166 1 view .LVU24
 157 0002 7047     		bx	lr
 158              		.cfi_endproc
 159              	.LFE88:
 161              		.global	USER_Driver
 162              		.section	.data.Stat,"aw"
 163              		.set	.LANCHOR0,. + 0
 166              	Stat:
 167 0000 01       		.byte	1
 168              		.section	.data.USER_Driver,"aw"
 169              		.align	2
 172              	USER_Driver:
 173 0000 00000000 		.word	USER_initialize
 174 0004 00000000 		.word	USER_status
 175 0008 00000000 		.word	USER_read
 176 000c 00000000 		.word	USER_write
 177 0010 00000000 		.word	USER_ioctl
 178              		.text
 179              	.Letext0:
 180              		.file 2 "Middlewares/Third_Party/FatFs/src/integer.h"
 181              		.file 3 "Middlewares/Third_Party/FatFs/src/diskio.h"
 182              		.file 4 "D:\\MinGW\\include/stdint.h"
 183              		.file 5 "Drivers/CMSIS/Include/core_cm3.h"
 184              		.file 6 "Drivers/CMSIS/Device/ST/STM32F1xx/Include/system_stm32f1xx.h"
 185              		.file 7 "D:\\MinGW\\include/stdio.h"
 186              		.file 8 "Drivers/STM32F1xx_HAL_Driver/Inc/stm32f1xx_hal.h"
 187              		.file 9 "Middlewares/Third_Party/FatFs/src/ff_gen_drv.h"
ARM GAS  C:\Users\xxy\AppData\Local\Temp\ccd1mUTU.s 			page 7


DEFINED SYMBOLS
                            *ABS*:00000000 user_diskio.c
C:\Users\xxy\AppData\Local\Temp\ccd1mUTU.s:16     .text.USER_initialize:00000000 $t
C:\Users\xxy\AppData\Local\Temp\ccd1mUTU.s:24     .text.USER_initialize:00000000 USER_initialize
C:\Users\xxy\AppData\Local\Temp\ccd1mUTU.s:47     .text.USER_initialize:0000000c $d
C:\Users\xxy\AppData\Local\Temp\ccd1mUTU.s:52     .text.USER_status:00000000 $t
C:\Users\xxy\AppData\Local\Temp\ccd1mUTU.s:59     .text.USER_status:00000000 USER_status
C:\Users\xxy\AppData\Local\Temp\ccd1mUTU.s:81     .text.USER_status:0000000c $d
C:\Users\xxy\AppData\Local\Temp\ccd1mUTU.s:86     .text.USER_read:00000000 $t
C:\Users\xxy\AppData\Local\Temp\ccd1mUTU.s:93     .text.USER_read:00000000 USER_read
C:\Users\xxy\AppData\Local\Temp\ccd1mUTU.s:111    .text.USER_write:00000000 $t
C:\Users\xxy\AppData\Local\Temp\ccd1mUTU.s:118    .text.USER_write:00000000 USER_write
C:\Users\xxy\AppData\Local\Temp\ccd1mUTU.s:136    .text.USER_ioctl:00000000 $t
C:\Users\xxy\AppData\Local\Temp\ccd1mUTU.s:143    .text.USER_ioctl:00000000 USER_ioctl
C:\Users\xxy\AppData\Local\Temp\ccd1mUTU.s:172    .data.USER_Driver:00000000 USER_Driver
C:\Users\xxy\AppData\Local\Temp\ccd1mUTU.s:166    .data.Stat:00000000 Stat
C:\Users\xxy\AppData\Local\Temp\ccd1mUTU.s:169    .data.USER_Driver:00000000 $d

NO UNDEFINED SYMBOLS
